2020-10-29 00:01:58.551  INFO 26895 --- [main] org.cn.kaito.auth.AuthApplication        : Starting AuthApplication on xiawenke-80ww with PID 26895 (/home/xiawenke/JLU/grade_3/软件工程/software-engineering/target/classes started by xiawenke in /home/xiawenke/JLU/grade_3/软件工程/software-engineering)
2020-10-29 00:01:58.575  INFO 26895 --- [main] org.cn.kaito.auth.AuthApplication        : The following profiles are active: dev
2020-10-29 00:01:59.286  INFO 26895 --- [main] .s.d.r.c.RepositoryConfigurationDelegate : Bootstrapping Spring Data JPA repositories in DEFAULT mode.
2020-10-29 00:01:59.362  INFO 26895 --- [main] .s.d.r.c.RepositoryConfigurationDelegate : Finished Spring Data repository scanning in 66ms. Found 10 JPA repository interfaces.
2020-10-29 00:01:59.598  WARN 26895 --- [main] o.m.s.mapper.ClassPathMapperScanner      : No MyBatis mapper was found in '[org.cn.kaito.auth]' package. Please check your configuration.
2020-10-29 00:01:59.763  INFO 26895 --- [main] trationDelegate$BeanPostProcessorChecker : Bean 'org.springframework.security.access.expression.method.DefaultMethodSecurityExpressionHandler@77049094' of type [org.springframework.security.access.expression.method.DefaultMethodSecurityExpressionHandler] is not eligible for getting processed by all BeanPostProcessors (for example: not eligible for auto-proxying)
2020-10-29 00:01:59.767  INFO 26895 --- [main] trationDelegate$BeanPostProcessorChecker : Bean 'methodSecurityMetadataSource' of type [org.springframework.security.access.method.DelegatingMethodSecurityMetadataSource] is not eligible for getting processed by all BeanPostProcessors (for example: not eligible for auto-proxying)
2020-10-29 00:01:59.961  INFO 26895 --- [main] o.s.b.w.embedded.tomcat.TomcatWebServer  : Tomcat initialized with port(s): 8080 (http)
2020-10-29 00:01:59.969  INFO 26895 --- [main] o.apache.catalina.core.StandardService   : Starting service [Tomcat]
2020-10-29 00:01:59.969  INFO 26895 --- [main] org.apache.catalina.core.StandardEngine  : Starting Servlet engine: [Apache Tomcat/9.0.38]
2020-10-29 00:02:00.039  INFO 26895 --- [main] o.a.c.c.C.[Tomcat].[localhost].[/]       : Initializing Spring embedded WebApplicationContext
2020-10-29 00:02:00.039  INFO 26895 --- [main] w.s.c.ServletWebServerApplicationContext : Root WebApplicationContext: initialization completed in 1332 ms
2020-10-29 00:02:00.108  WARN 26895 --- [main] JpaBaseConfiguration$JpaWebConfiguration : spring.jpa.open-in-view is enabled by default. Therefore, database queries may be performed during view rendering. Explicitly configure spring.jpa.open-in-view to disable this warning
2020-10-29 00:02:00.197  INFO 26895 --- [main] com.zaxxer.hikari.HikariDataSource       : HikariPool-1 - Starting...
2020-10-29 00:02:00.287  INFO 26895 --- [main] com.zaxxer.hikari.HikariDataSource       : HikariPool-1 - Start completed.
2020-10-29 00:02:00.318  INFO 26895 --- [main] o.hibernate.jpa.internal.util.LogHelper  : HHH000204: Processing PersistenceUnitInfo [name: default]
2020-10-29 00:02:00.345  INFO 26895 --- [main] org.hibernate.Version                    : HHH000412: Hibernate ORM core version 5.4.21.Final
2020-10-29 00:02:00.423  INFO 26895 --- [main] o.hibernate.annotations.common.Version   : HCANN000001: Hibernate Commons Annotations {5.1.0.Final}
2020-10-29 00:02:00.489  INFO 26895 --- [main] org.hibernate.dialect.Dialect            : HHH000400: Using dialect: org.hibernate.dialect.MySQL8Dialect
2020-10-29 00:02:00.930  INFO 26895 --- [main] o.h.e.t.j.p.i.JtaPlatformInitiator       : HHH000490: Using JtaPlatform implementation: [org.hibernate.engine.transaction.jta.platform.internal.NoJtaPlatform]
2020-10-29 00:02:00.936  INFO 26895 --- [main] j.LocalContainerEntityManagerFactoryBean : Initialized JPA EntityManagerFactory for persistence unit 'default'
2020-10-29 00:02:01.632  INFO 26895 --- [main] org.quartz.impl.StdSchedulerFactory      : Using default implementation for ThreadExecutor
2020-10-29 00:02:01.640  INFO 26895 --- [main] org.quartz.core.SchedulerSignalerImpl    : Initialized Scheduler Signaller of type: class org.quartz.core.SchedulerSignalerImpl
2020-10-29 00:02:01.641  INFO 26895 --- [main] org.quartz.core.QuartzScheduler          : Quartz Scheduler v.2.3.2 created.
2020-10-29 00:02:01.641  INFO 26895 --- [main] org.quartz.simpl.RAMJobStore             : RAMJobStore initialized.
2020-10-29 00:02:01.642  INFO 26895 --- [main] org.quartz.core.QuartzScheduler          : Scheduler meta-data: Quartz Scheduler (v2.3.2) 'quartzScheduler' with instanceId 'NON_CLUSTERED'
  Scheduler class: 'org.quartz.core.QuartzScheduler' - running locally.
  NOT STARTED.
  Currently in standby mode.
  Number of jobs executed: 0
  Using thread pool 'org.quartz.simpl.SimpleThreadPool' - with 10 threads.
  Using job-store 'org.quartz.simpl.RAMJobStore' - which does not support persistence. and is not clustered.

2020-10-29 00:02:01.642  INFO 26895 --- [main] org.quartz.impl.StdSchedulerFactory      : Quartz scheduler 'quartzScheduler' initialized from an externally provided properties instance.
2020-10-29 00:02:01.642  INFO 26895 --- [main] org.quartz.impl.StdSchedulerFactory      : Quartz scheduler version: 2.3.2
2020-10-29 00:02:01.642  INFO 26895 --- [main] org.quartz.core.QuartzScheduler          : JobFactory set to: org.springframework.scheduling.quartz.SpringBeanJobFactory@488b46da
2020-10-29 00:02:01.739  INFO 26895 --- [main] o.s.s.web.DefaultSecurityFilterChain     : Creating filter chain: any request, [org.springframework.security.web.context.request.async.WebAsyncManagerIntegrationFilter@22ed2886, org.springframework.security.web.context.SecurityContextPersistenceFilter@34d3409d, org.springframework.security.web.header.HeaderWriterFilter@641cea11, org.springframework.security.web.authentication.logout.LogoutFilter@34001c5d, org.cn.kaito.auth.Security.SecurityUserFilter@5df54296, org.springframework.security.web.session.ConcurrentSessionFilter@b814e23, org.springframework.security.web.savedrequest.RequestCacheAwareFilter@38e052b2, org.springframework.security.web.servletapi.SecurityContextHolderAwareRequestFilter@123d0816, org.springframework.security.web.authentication.AnonymousAuthenticationFilter@30ca66c5, org.springframework.security.web.session.SessionManagementFilter@4b7c0f39, org.springframework.security.web.access.ExceptionTranslationFilter@1b53e6fc]
2020-10-29 00:02:01.849  INFO 26895 --- [main] o.s.s.concurrent.ThreadPoolTaskExecutor  : Initializing ExecutorService 'applicationTaskExecutor'
2020-10-29 00:02:02.085  INFO 26895 --- [main] o.s.s.c.ThreadPoolTaskScheduler          : Initializing ExecutorService 'taskScheduler'
2020-10-29 00:02:02.137  INFO 26895 --- [main] o.s.b.w.embedded.tomcat.TomcatWebServer  : Tomcat started on port(s): 8080 (http) with context path ''
2020-10-29 00:02:02.138  INFO 26895 --- [main] o.s.s.quartz.SchedulerFactoryBean        : Starting Quartz Scheduler now
2020-10-29 00:02:02.138  INFO 26895 --- [main] org.quartz.core.QuartzScheduler          : Scheduler quartzScheduler_$_NON_CLUSTERED started.
2020-10-29 00:02:02.149  INFO 26895 --- [main] org.cn.kaito.auth.AuthApplication        : Started AuthApplication in 3.971 seconds (JVM running for 4.816)
2020-10-29 00:04:11.057  INFO 26895 --- [http-nio-8080-exec-2] o.a.c.c.C.[Tomcat].[localhost].[/]       : Initializing Spring DispatcherServlet 'dispatcherServlet'
2020-10-29 00:04:11.059  INFO 26895 --- [http-nio-8080-exec-2] o.s.web.servlet.DispatcherServlet        : Initializing Servlet 'dispatcherServlet'
2020-10-29 00:04:11.075  INFO 26895 --- [http-nio-8080-exec-2] o.s.web.servlet.DispatcherServlet        : Completed initialization in 15 ms
2020-10-29 00:04:11.092  INFO 26895 --- [http-nio-8080-exec-2] o.c.k.auth.Security.SecurityUserFilter   : 正在执行权限检查
2020-10-29 00:04:11.142  INFO 26895 --- [http-nio-8080-exec-2] o.c.k.auth.Security.SecurityUserFilter   : the userName is 551808
2020-10-29 00:04:11.189  INFO 26895 --- [http-nio-8080-exec-2] o.c.k.auth.Security.SecurityUserFilter   : authenticated user Optional[551808], setting security context
2020-10-29 00:04:11.189  INFO 26895 --- [http-nio-8080-exec-2] o.c.k.auth.Security.SecurityUserFilter   : [project-read, project-start, project-end, project-restart, project-create, user-read, user-changePwd, project-edit]
2020-10-29 00:05:02.281  INFO 26895 --- [http-nio-8080-exec-3] o.c.k.auth.Security.SecurityUserFilter   : 正在执行权限检查
2020-10-29 00:05:02.284  INFO 26895 --- [http-nio-8080-exec-3] o.c.k.auth.Security.SecurityUserFilter   : the userName is 220103
2020-10-29 00:05:02.291  INFO 26895 --- [http-nio-8080-exec-3] o.c.k.auth.Security.SecurityUserFilter   : authenticated user Optional[220103], setting security context
2020-10-29 00:05:02.291  INFO 26895 --- [http-nio-8080-exec-3] o.c.k.auth.Security.SecurityUserFilter   : [project-read, user-read, user-changePwd]
2020-10-29 00:07:20.093  INFO 26895 --- [SpringContextShutdownHook] org.quartz.core.QuartzScheduler          : Scheduler quartzScheduler_$_NON_CLUSTERED paused.
2020-10-29 00:07:20.166  INFO 26895 --- [SpringContextShutdownHook] o.s.s.c.ThreadPoolTaskScheduler          : Shutting down ExecutorService 'taskScheduler'
2020-10-29 00:07:20.176  INFO 26895 --- [SpringContextShutdownHook] o.s.s.concurrent.ThreadPoolTaskExecutor  : Shutting down ExecutorService 'applicationTaskExecutor'
2020-10-29 00:07:20.179  INFO 26895 --- [SpringContextShutdownHook] o.s.s.quartz.SchedulerFactoryBean        : Shutting down Quartz Scheduler
2020-10-29 00:07:20.180  INFO 26895 --- [SpringContextShutdownHook] org.quartz.core.QuartzScheduler          : Scheduler quartzScheduler_$_NON_CLUSTERED shutting down.
2020-10-29 00:07:20.180  INFO 26895 --- [SpringContextShutdownHook] org.quartz.core.QuartzScheduler          : Scheduler quartzScheduler_$_NON_CLUSTERED paused.
2020-10-29 00:07:20.184  INFO 26895 --- [SpringContextShutdownHook] org.quartz.core.QuartzScheduler          : Scheduler quartzScheduler_$_NON_CLUSTERED shutdown complete.
2020-10-29 00:07:20.190  INFO 26895 --- [SpringContextShutdownHook] j.LocalContainerEntityManagerFactoryBean : Closing JPA EntityManagerFactory for persistence unit 'default'
2020-10-29 00:07:20.198  INFO 26895 --- [SpringContextShutdownHook] com.zaxxer.hikari.HikariDataSource       : HikariPool-1 - Shutdown initiated...
2020-10-29 00:07:20.221  INFO 26895 --- [SpringContextShutdownHook] com.zaxxer.hikari.HikariDataSource       : HikariPool-1 - Shutdown completed.
2020-10-29 00:07:28.718  INFO 28032 --- [main] org.cn.kaito.auth.AuthApplication        : Starting AuthApplication on xiawenke-80ww with PID 28032 (/home/xiawenke/JLU/grade_3/软件工程/software-engineering/target/classes started by xiawenke in /home/xiawenke/JLU/grade_3/软件工程/software-engineering)
2020-10-29 00:07:28.723  INFO 28032 --- [main] org.cn.kaito.auth.AuthApplication        : The following profiles are active: dev
2020-10-29 00:07:30.504  INFO 28032 --- [main] .s.d.r.c.RepositoryConfigurationDelegate : Bootstrapping Spring Data JPA repositories in DEFAULT mode.
2020-10-29 00:07:30.581  INFO 28032 --- [main] .s.d.r.c.RepositoryConfigurationDelegate : Finished Spring Data repository scanning in 68ms. Found 10 JPA repository interfaces.
2020-10-29 00:07:30.897  WARN 28032 --- [main] o.m.s.mapper.ClassPathMapperScanner      : No MyBatis mapper was found in '[org.cn.kaito.auth]' package. Please check your configuration.
2020-10-29 00:07:31.094  INFO 28032 --- [main] trationDelegate$BeanPostProcessorChecker : Bean 'org.springframework.security.access.expression.method.DefaultMethodSecurityExpressionHandler@7601bc96' of type [org.springframework.security.access.expression.method.DefaultMethodSecurityExpressionHandler] is not eligible for getting processed by all BeanPostProcessors (for example: not eligible for auto-proxying)
2020-10-29 00:07:31.100  INFO 28032 --- [main] trationDelegate$BeanPostProcessorChecker : Bean 'methodSecurityMetadataSource' of type [org.springframework.security.access.method.DelegatingMethodSecurityMetadataSource] is not eligible for getting processed by all BeanPostProcessors (for example: not eligible for auto-proxying)
2020-10-29 00:07:31.303  INFO 28032 --- [main] o.s.b.w.embedded.tomcat.TomcatWebServer  : Tomcat initialized with port(s): 8080 (http)
2020-10-29 00:07:31.312  INFO 28032 --- [main] o.apache.catalina.core.StandardService   : Starting service [Tomcat]
2020-10-29 00:07:31.312  INFO 28032 --- [main] org.apache.catalina.core.StandardEngine  : Starting Servlet engine: [Apache Tomcat/9.0.38]
2020-10-29 00:07:31.388  INFO 28032 --- [main] o.a.c.c.C.[Tomcat].[localhost].[/]       : Initializing Spring embedded WebApplicationContext
2020-10-29 00:07:31.388  INFO 28032 --- [main] w.s.c.ServletWebServerApplicationContext : Root WebApplicationContext: initialization completed in 2516 ms
2020-10-29 00:07:31.440  WARN 28032 --- [main] JpaBaseConfiguration$JpaWebConfiguration : spring.jpa.open-in-view is enabled by default. Therefore, database queries may be performed during view rendering. Explicitly configure spring.jpa.open-in-view to disable this warning
2020-10-29 00:07:31.555  INFO 28032 --- [main] com.zaxxer.hikari.HikariDataSource       : HikariPool-1 - Starting...
2020-10-29 00:07:31.639  INFO 28032 --- [main] com.zaxxer.hikari.HikariDataSource       : HikariPool-1 - Start completed.
2020-10-29 00:07:31.666  INFO 28032 --- [main] o.hibernate.jpa.internal.util.LogHelper  : HHH000204: Processing PersistenceUnitInfo [name: default]
2020-10-29 00:07:31.692  INFO 28032 --- [main] org.hibernate.Version                    : HHH000412: Hibernate ORM core version 5.4.21.Final
2020-10-29 00:07:31.762  INFO 28032 --- [main] o.hibernate.annotations.common.Version   : HCANN000001: Hibernate Commons Annotations {5.1.0.Final}
2020-10-29 00:07:31.826  INFO 28032 --- [main] org.hibernate.dialect.Dialect            : HHH000400: Using dialect: org.hibernate.dialect.MySQL8Dialect
2020-10-29 00:07:32.272  INFO 28032 --- [main] o.h.e.t.j.p.i.JtaPlatformInitiator       : HHH000490: Using JtaPlatform implementation: [org.hibernate.engine.transaction.jta.platform.internal.NoJtaPlatform]
2020-10-29 00:07:32.277  INFO 28032 --- [main] j.LocalContainerEntityManagerFactoryBean : Initialized JPA EntityManagerFactory for persistence unit 'default'
2020-10-29 00:07:33.072  INFO 28032 --- [main] org.quartz.impl.StdSchedulerFactory      : Using default implementation for ThreadExecutor
2020-10-29 00:07:33.089  INFO 28032 --- [main] org.quartz.core.SchedulerSignalerImpl    : Initialized Scheduler Signaller of type: class org.quartz.core.SchedulerSignalerImpl
2020-10-29 00:07:33.089  INFO 28032 --- [main] org.quartz.core.QuartzScheduler          : Quartz Scheduler v.2.3.2 created.
2020-10-29 00:07:33.089  INFO 28032 --- [main] org.quartz.simpl.RAMJobStore             : RAMJobStore initialized.
2020-10-29 00:07:33.090  INFO 28032 --- [main] org.quartz.core.QuartzScheduler          : Scheduler meta-data: Quartz Scheduler (v2.3.2) 'quartzScheduler' with instanceId 'NON_CLUSTERED'
  Scheduler class: 'org.quartz.core.QuartzScheduler' - running locally.
  NOT STARTED.
  Currently in standby mode.
  Number of jobs executed: 0
  Using thread pool 'org.quartz.simpl.SimpleThreadPool' - with 10 threads.
  Using job-store 'org.quartz.simpl.RAMJobStore' - which does not support persistence. and is not clustered.

2020-10-29 00:07:33.090  INFO 28032 --- [main] org.quartz.impl.StdSchedulerFactory      : Quartz scheduler 'quartzScheduler' initialized from an externally provided properties instance.
2020-10-29 00:07:33.090  INFO 28032 --- [main] org.quartz.impl.StdSchedulerFactory      : Quartz scheduler version: 2.3.2
2020-10-29 00:07:33.090  INFO 28032 --- [main] org.quartz.core.QuartzScheduler          : JobFactory set to: org.springframework.scheduling.quartz.SpringBeanJobFactory@3a66d97e
2020-10-29 00:07:33.253  INFO 28032 --- [main] o.s.s.web.DefaultSecurityFilterChain     : Creating filter chain: any request, [org.springframework.security.web.context.request.async.WebAsyncManagerIntegrationFilter@4601a148, org.springframework.security.web.context.SecurityContextPersistenceFilter@2fc0ad21, org.springframework.security.web.header.HeaderWriterFilter@46c9ee28, org.springframework.security.web.authentication.logout.LogoutFilter@7fa68ff4, org.cn.kaito.auth.Security.SecurityUserFilter@73e25780, org.springframework.security.web.session.ConcurrentSessionFilter@79b0956e, org.springframework.security.web.savedrequest.RequestCacheAwareFilter@3293030b, org.springframework.security.web.servletapi.SecurityContextHolderAwareRequestFilter@4419cd6e, org.springframework.security.web.authentication.AnonymousAuthenticationFilter@4e210016, org.springframework.security.web.session.SessionManagementFilter@862624f, org.springframework.security.web.access.ExceptionTranslationFilter@63896cf7]
2020-10-29 00:07:33.416  INFO 28032 --- [main] o.s.s.concurrent.ThreadPoolTaskExecutor  : Initializing ExecutorService 'applicationTaskExecutor'
2020-10-29 00:07:33.679  INFO 28032 --- [main] o.s.s.c.ThreadPoolTaskScheduler          : Initializing ExecutorService 'taskScheduler'
2020-10-29 00:07:33.740  INFO 28032 --- [main] o.s.b.w.embedded.tomcat.TomcatWebServer  : Tomcat started on port(s): 8080 (http) with context path ''
2020-10-29 00:07:33.741  INFO 28032 --- [main] o.s.s.quartz.SchedulerFactoryBean        : Starting Quartz Scheduler now
2020-10-29 00:07:33.741  INFO 28032 --- [main] org.quartz.core.QuartzScheduler          : Scheduler quartzScheduler_$_NON_CLUSTERED started.
2020-10-29 00:07:33.750  INFO 28032 --- [main] org.cn.kaito.auth.AuthApplication        : Started AuthApplication in 6.053 seconds (JVM running for 7.615)
2020-10-29 00:08:22.457  INFO 28032 --- [SpringContextShutdownHook] org.quartz.core.QuartzScheduler          : Scheduler quartzScheduler_$_NON_CLUSTERED paused.
2020-10-29 00:08:22.534  INFO 28032 --- [SpringContextShutdownHook] o.s.s.c.ThreadPoolTaskScheduler          : Shutting down ExecutorService 'taskScheduler'
2020-10-29 00:08:22.540  INFO 28032 --- [SpringContextShutdownHook] o.s.s.concurrent.ThreadPoolTaskExecutor  : Shutting down ExecutorService 'applicationTaskExecutor'
2020-10-29 00:08:22.541  INFO 28032 --- [SpringContextShutdownHook] o.s.s.quartz.SchedulerFactoryBean        : Shutting down Quartz Scheduler
2020-10-29 00:08:22.542  INFO 28032 --- [SpringContextShutdownHook] org.quartz.core.QuartzScheduler          : Scheduler quartzScheduler_$_NON_CLUSTERED shutting down.
2020-10-29 00:08:22.543  INFO 28032 --- [SpringContextShutdownHook] org.quartz.core.QuartzScheduler          : Scheduler quartzScheduler_$_NON_CLUSTERED paused.
2020-10-29 00:08:22.545  INFO 28032 --- [SpringContextShutdownHook] org.quartz.core.QuartzScheduler          : Scheduler quartzScheduler_$_NON_CLUSTERED shutdown complete.
2020-10-29 00:08:22.552  INFO 28032 --- [SpringContextShutdownHook] j.LocalContainerEntityManagerFactoryBean : Closing JPA EntityManagerFactory for persistence unit 'default'
2020-10-29 00:08:22.559  INFO 28032 --- [SpringContextShutdownHook] com.zaxxer.hikari.HikariDataSource       : HikariPool-1 - Shutdown initiated...
2020-10-29 00:08:22.583  INFO 28032 --- [SpringContextShutdownHook] com.zaxxer.hikari.HikariDataSource       : HikariPool-1 - Shutdown completed.
2020-10-29 00:08:28.864  INFO 28404 --- [main] org.cn.kaito.auth.AuthApplication        : Starting AuthApplication on xiawenke-80ww with PID 28404 (/home/xiawenke/JLU/grade_3/软件工程/software-engineering/target/classes started by xiawenke in /home/xiawenke/JLU/grade_3/软件工程/software-engineering)
2020-10-29 00:08:28.873  INFO 28404 --- [main] org.cn.kaito.auth.AuthApplication        : The following profiles are active: dev
2020-10-29 00:08:29.455  INFO 28404 --- [main] .s.d.r.c.RepositoryConfigurationDelegate : Bootstrapping Spring Data JPA repositories in DEFAULT mode.
2020-10-29 00:08:29.518  INFO 28404 --- [main] .s.d.r.c.RepositoryConfigurationDelegate : Finished Spring Data repository scanning in 56ms. Found 10 JPA repository interfaces.
2020-10-29 00:08:29.724  WARN 28404 --- [main] o.m.s.mapper.ClassPathMapperScanner      : No MyBatis mapper was found in '[org.cn.kaito.auth]' package. Please check your configuration.
2020-10-29 00:08:29.879  INFO 28404 --- [main] trationDelegate$BeanPostProcessorChecker : Bean 'org.springframework.security.access.expression.method.DefaultMethodSecurityExpressionHandler@671c4166' of type [org.springframework.security.access.expression.method.DefaultMethodSecurityExpressionHandler] is not eligible for getting processed by all BeanPostProcessors (for example: not eligible for auto-proxying)
2020-10-29 00:08:29.883  INFO 28404 --- [main] trationDelegate$BeanPostProcessorChecker : Bean 'methodSecurityMetadataSource' of type [org.springframework.security.access.method.DelegatingMethodSecurityMetadataSource] is not eligible for getting processed by all BeanPostProcessors (for example: not eligible for auto-proxying)
2020-10-29 00:08:30.069  INFO 28404 --- [main] o.s.b.w.embedded.tomcat.TomcatWebServer  : Tomcat initialized with port(s): 8080 (http)
2020-10-29 00:08:30.076  INFO 28404 --- [main] o.apache.catalina.core.StandardService   : Starting service [Tomcat]
2020-10-29 00:08:30.076  INFO 28404 --- [main] org.apache.catalina.core.StandardEngine  : Starting Servlet engine: [Apache Tomcat/9.0.38]
2020-10-29 00:08:30.135  INFO 28404 --- [main] o.a.c.c.C.[Tomcat].[localhost].[/]       : Initializing Spring embedded WebApplicationContext
2020-10-29 00:08:30.136  INFO 28404 --- [main] w.s.c.ServletWebServerApplicationContext : Root WebApplicationContext: initialization completed in 1180 ms
2020-10-29 00:08:30.201  WARN 28404 --- [main] JpaBaseConfiguration$JpaWebConfiguration : spring.jpa.open-in-view is enabled by default. Therefore, database queries may be performed during view rendering. Explicitly configure spring.jpa.open-in-view to disable this warning
2020-10-29 00:08:30.284  INFO 28404 --- [main] com.zaxxer.hikari.HikariDataSource       : HikariPool-1 - Starting...
2020-10-29 00:08:30.373  INFO 28404 --- [main] com.zaxxer.hikari.HikariDataSource       : HikariPool-1 - Start completed.
2020-10-29 00:08:30.404  INFO 28404 --- [main] o.hibernate.jpa.internal.util.LogHelper  : HHH000204: Processing PersistenceUnitInfo [name: default]
2020-10-29 00:08:30.430  INFO 28404 --- [main] org.hibernate.Version                    : HHH000412: Hibernate ORM core version 5.4.21.Final
2020-10-29 00:08:30.509  INFO 28404 --- [main] o.hibernate.annotations.common.Version   : HCANN000001: Hibernate Commons Annotations {5.1.0.Final}
2020-10-29 00:08:30.577  INFO 28404 --- [main] org.hibernate.dialect.Dialect            : HHH000400: Using dialect: org.hibernate.dialect.MySQL8Dialect
2020-10-29 00:08:30.986  INFO 28404 --- [main] o.h.e.t.j.p.i.JtaPlatformInitiator       : HHH000490: Using JtaPlatform implementation: [org.hibernate.engine.transaction.jta.platform.internal.NoJtaPlatform]
2020-10-29 00:08:30.990  INFO 28404 --- [main] j.LocalContainerEntityManagerFactoryBean : Initialized JPA EntityManagerFactory for persistence unit 'default'
2020-10-29 00:08:31.652  INFO 28404 --- [main] org.quartz.impl.StdSchedulerFactory      : Using default implementation for ThreadExecutor
2020-10-29 00:08:31.659  INFO 28404 --- [main] org.quartz.core.SchedulerSignalerImpl    : Initialized Scheduler Signaller of type: class org.quartz.core.SchedulerSignalerImpl
2020-10-29 00:08:31.660  INFO 28404 --- [main] org.quartz.core.QuartzScheduler          : Quartz Scheduler v.2.3.2 created.
2020-10-29 00:08:31.661  INFO 28404 --- [main] org.quartz.simpl.RAMJobStore             : RAMJobStore initialized.
2020-10-29 00:08:31.661  INFO 28404 --- [main] org.quartz.core.QuartzScheduler          : Scheduler meta-data: Quartz Scheduler (v2.3.2) 'quartzScheduler' with instanceId 'NON_CLUSTERED'
  Scheduler class: 'org.quartz.core.QuartzScheduler' - running locally.
  NOT STARTED.
  Currently in standby mode.
  Number of jobs executed: 0
  Using thread pool 'org.quartz.simpl.SimpleThreadPool' - with 10 threads.
  Using job-store 'org.quartz.simpl.RAMJobStore' - which does not support persistence. and is not clustered.

2020-10-29 00:08:31.661  INFO 28404 --- [main] org.quartz.impl.StdSchedulerFactory      : Quartz scheduler 'quartzScheduler' initialized from an externally provided properties instance.
2020-10-29 00:08:31.661  INFO 28404 --- [main] org.quartz.impl.StdSchedulerFactory      : Quartz scheduler version: 2.3.2
2020-10-29 00:08:31.661  INFO 28404 --- [main] org.quartz.core.QuartzScheduler          : JobFactory set to: org.springframework.scheduling.quartz.SpringBeanJobFactory@7e2e0b8a
2020-10-29 00:08:31.760  INFO 28404 --- [main] o.s.s.web.DefaultSecurityFilterChain     : Creating filter chain: any request, [org.springframework.security.web.context.request.async.WebAsyncManagerIntegrationFilter@2fc40856, org.springframework.security.web.context.SecurityContextPersistenceFilter@263e512e, org.springframework.security.web.header.HeaderWriterFilter@7c8a91e2, org.springframework.security.web.authentication.logout.LogoutFilter@5eb9bf7d, org.cn.kaito.auth.Security.SecurityUserFilter@355b53cc, org.springframework.security.web.session.ConcurrentSessionFilter@391e2a, org.springframework.security.web.savedrequest.RequestCacheAwareFilter@6a8bcb64, org.springframework.security.web.servletapi.SecurityContextHolderAwareRequestFilter@4b7c0f39, org.springframework.security.web.authentication.AnonymousAuthenticationFilter@5543d800, org.springframework.security.web.session.SessionManagementFilter@639cb0c8, org.springframework.security.web.access.ExceptionTranslationFilter@78e7b83]
2020-10-29 00:08:31.862  INFO 28404 --- [main] o.s.s.concurrent.ThreadPoolTaskExecutor  : Initializing ExecutorService 'applicationTaskExecutor'
2020-10-29 00:08:32.100  INFO 28404 --- [main] o.s.s.c.ThreadPoolTaskScheduler          : Initializing ExecutorService 'taskScheduler'
2020-10-29 00:08:32.148  INFO 28404 --- [main] o.s.b.w.embedded.tomcat.TomcatWebServer  : Tomcat started on port(s): 8080 (http) with context path ''
2020-10-29 00:08:32.149  INFO 28404 --- [main] o.s.s.quartz.SchedulerFactoryBean        : Starting Quartz Scheduler now
2020-10-29 00:08:32.149  INFO 28404 --- [main] org.quartz.core.QuartzScheduler          : Scheduler quartzScheduler_$_NON_CLUSTERED started.
2020-10-29 00:08:32.159  INFO 28404 --- [main] org.cn.kaito.auth.AuthApplication        : Started AuthApplication in 3.585 seconds (JVM running for 4.243)
2020-10-29 00:08:36.872  INFO 28404 --- [http-nio-8080-exec-2] o.a.c.c.C.[Tomcat].[localhost].[/]       : Initializing Spring DispatcherServlet 'dispatcherServlet'
2020-10-29 00:08:36.876  INFO 28404 --- [http-nio-8080-exec-2] o.s.web.servlet.DispatcherServlet        : Initializing Servlet 'dispatcherServlet'
2020-10-29 00:08:36.891  INFO 28404 --- [http-nio-8080-exec-2] o.s.web.servlet.DispatcherServlet        : Completed initialization in 15 ms
2020-10-29 00:08:36.918  INFO 28404 --- [http-nio-8080-exec-2] o.c.k.auth.Security.SecurityUserFilter   : 正在执行权限检查
2020-10-29 00:08:36.967  INFO 28404 --- [http-nio-8080-exec-2] o.c.k.auth.Security.SecurityUserFilter   : the userName is 220103
2020-10-29 00:08:37.004  INFO 28404 --- [http-nio-8080-exec-2] o.c.k.auth.Security.SecurityUserFilter   : authenticated user Optional[220103], setting security context
2020-10-29 00:08:37.005  INFO 28404 --- [http-nio-8080-exec-2] o.c.k.auth.Security.SecurityUserFilter   : [project-read, user-read, user-changePwd]
